<?xml version="1.0" encoding="UTF-8"?>
<testsuite name="ivan.ermolaev.FirstTest" tests="2" skipped="0" failures="0" errors="0" timestamp="2022-01-21T19:34:09" hostname="DESKTOP-G0TN0H5" time="15.681">
  <properties/>
  <testcase name="РўРµСЃС‚РёСЂРѕРІР°РЅРёРµ РїРѕРёСЃРєР° С…Р°Р±СЂР° РїСЂРё РїРѕРјРѕС‰Рё Р°РЅРЅРѕС‚Р°С†РёРё &quot;ValueSource&quot; СЃ С‚РµСЃС‚РѕРІС‹РјРё РґР°РЅРЅС‹РјРё: Selenide" classname="ivan.ermolaev.FirstTest" time="11.918"/>
  <testcase name="РўРµСЃС‚РёСЂРѕРІР°РЅРёРµ РїРѕРёСЃРєР° С…Р°Р±СЂР° РїСЂРё РїРѕРјРѕС‰Рё Р°РЅРЅРѕС‚Р°С†РёРё &quot;ValueSource&quot; СЃ С‚РµСЃС‚РѕРІС‹РјРё РґР°РЅРЅС‹РјРё: JUnit" classname="ivan.ermolaev.FirstTest" time="3.762"/>
  <system-out><![CDATA[@BeforeAll Р·Р°РїСѓСЃРєР°РµС‚СЃСЏ 1 СЂР°Р· Р·Р° РїСЂРѕРіРѕРЅ С‚РµСЃС‚РѕРІ
@BeforeEach Р·Р°РїСѓСЃРєР°РµС‚СЃСЏ РїРµСЂРµРґ РєР°Р¶РґС‹Рј С‚РµСЃС‚РѕРј
@BeforeEach Р·Р°РїСѓСЃРєР°РµС‚СЃСЏ РїРµСЂРµРґ РєР°Р¶РґС‹Рј С‚РµСЃС‚РѕРј
]]></system-out>
  <system-err><![CDATA[SLF4J: Failed to load class "org.slf4j.impl.StaticLoggerBinder".
SLF4J: Defaulting to no-operation (NOP) logger implementation
SLF4J: See http://www.slf4j.org/codes.html#StaticLoggerBinder for further details.
Starting ChromeDriver 97.0.4692.71 (adefa7837d02a07a604c1e6eff0b3a09422ab88d-refs/branch-heads/4692@{#1247}) on port 65316
Only local connections are allowed.
Please see https://chromedriver.chromium.org/security-considerations for suggestions on keeping ChromeDriver safe.
ChromeDriver was started successfully.
янв. 21, 2022 10:34:12 PM org.openqa.selenium.remote.ProtocolHandshake createSession
INFO: Detected dialect: W3C
янв. 21, 2022 10:34:12 PM org.openqa.selenium.devtools.CdpVersionFinder findNearestMatch
WARNING: Unable to find an exact match for CDP version 97, so returning the closest version found: 96
янв. 21, 2022 10:34:12 PM org.openqa.selenium.devtools.CdpVersionFinder findNearestMatch
INFO: Found CDP implementation for version 97 of 96
]]></system-err>
</testsuite>
